seGasesteInArbore(persoana("Judy", f, 0, "ISTP", 1500, 1586), casatorit("Mark", 1525), parinti("-", "-"), tamplar).
seGasesteInArbore(persoana("Mark", m, 0, "ESFJ", 1500, 1596), casatorit("Judy", 1525), parinti("-", "-"), armurier).
seGasesteInArbore(persoana("Bradley", m, 1, "ESFP", 1533, 1576), casatorit("-", -1), parinti("Judy", "Mark"), cioban).
seGasesteInArbore(persoana("Julia", f, 1, "ESFP", 1542, 1621), casatorit("", 1574), parinti("Judy", "Mark"), croitor).
seGasesteInArbore(persoana("Martin", m, 1, "INFP", 1552, 1602), casatorit("Julia", 1574), parinti("-", "-"), tamplar).
seGasesteInArbore(persoana("Virginia", f, 2, "ESFJ", 1575, 1627), casatorit("", 1602), parinti("Julia", "Martin"), croitor).
seGasesteInArbore(persoana("Jonathan", m, 2, "ENFJ", 1581, 1638), casatorit("Virginia", 1609), parinti("Julia", "Martin"), cioban).
seGasesteInArbore(persoana("Marcus", m, 1, "ESTJ", 1585, 1652), casatorit("Julia", 1611), parinti("-", "-"), cioban).
seGasesteInArbore(persoana("Francis", m, 2, "ESTJ", 1614, 1699), casatorit("-", -1), parinti("Julia", "Marcus"), cizmar).
seGasesteInArbore(persoana("Troy", m, 2, "ESTP", 1568, 1663), casatorit("Virginia", 1602), parinti("-", "-"), fierar).
seGasesteInArbore(persoana("Joanne", f, 3, "ESTJ", 1602, 1682), casatorit("", 1623), parinti("Virginia", "Troy"), tamplar).
seGasesteInArbore(persoana("Harry", m, 3, "ENFP", 1592, 1696), casatorit("Joanne", 1623), parinti("-", "-"), tamplar).
seGasesteInArbore(persoana("Victor", m, 4, "ESFP", 1625, 1709), casatorit("-", -1), parinti("Joanne", "Harry"), tamplar).
seGasesteInArbore(persoana("Brenda", f, 4, "ESFP", 1638, 1724), casatorit("", 1665), parinti("Joanne", "Harry"), armurier).
seGasesteInArbore(persoana("Larry", m, 4, "ESFJ", 1646, 1704), casatorit("", 1680), parinti("Joanne", "Harry"), tamplar).
seGasesteInArbore(persoana("Bradley", m, 4, "ESFP", 1637, 1704), casatorit("Brenda", 1665), parinti("-", "-"), armurier).
seGasesteInArbore(persoana("George", m, 5, "ESTJ", 1681, 1753), casatorit("", 1706), parinti("Brenda", "Bradley"), armurier).
seGasesteInArbore(persoana("Roger", m, 4, "ESFJ", 1673, 1745), casatorit("Brenda", 1707), parinti("-", "-"), cioban).
seGasesteInArbore(persoana("Rose", f, 5, "ESTJ", 1670, 1761), casatorit("George", 1706), parinti("-", "-"), armurier).
seGasesteInArbore(persoana("Irene", f, 6, "ESFJ", 1708, 1791), casatorit("", 1724), parinti("George", "Rose"), croitor).
seGasesteInArbore(persoana("Jacob", m, 6, "ESFJ", 1700, 1789), casatorit("Irene", 1724), parinti("-", "-"), fara).
seGasesteInArbore(persoana("Beverly", f, 7, "ESTP", 1730, 1791), casatorit("", 1753), parinti("Irene", "Jacob"), croitor).
seGasesteInArbore(persoana("Steven", m, 7, "ISTP", 1725, 1774), casatorit("Beverly", 1753), parinti("-", "-"), cioban).
seGasesteInArbore(persoana("Johnny", m, 8, "ISTJ", 1757, 1866), casatorit("", 1778), parinti("Beverly", "Steven"), tamplar).
seGasesteInArbore(persoana("Jose", m, 7, "ESFP", 1755, 1839), casatorit("Beverly", 1776), parinti("-", "-"), croitor).
seGasesteInArbore(persoana("Clara", f, 8, "ESFP", 1777, 1863), casatorit("", 1804), parinti("Beverly", "Jose"), cioban).
seGasesteInArbore(persoana("Richard", m, 8, "ESTJ", 1793, 1852), casatorit("-", -1), parinti("Beverly", "Jose"), agricultor).
seGasesteInArbore(persoana("Ellen", f, 8, "ESTJ", 1756, 1809), casatorit("Johnny", 1778), parinti("-", "-"), croitor).
seGasesteInArbore(persoana("Betty", f, 9, "ESFP", 1783, 1861), casatorit("", 1816), parinti("Johnny", "Ellen"), cioban).
seGasesteInArbore(persoana("Rose", f, 8, "ESFP", 1786, 1842), casatorit("Johnny", 1812), parinti("-", "-"), fara).
seGasesteInArbore(persoana("Melvin", m, 9, "ESFJ", 1824, 1888), casatorit("-", -1), parinti("Johnny", "Rose"), fara).
seGasesteInArbore(persoana("Beverly", f, 8, "ESFP", 1812, 1881), casatorit("Johnny", 1844), parinti("-", "-"), cioban).
seGasesteInArbore(persoana("Rodney", m, 9, "ESTJ", 1849, 1910), casatorit("-", -1), parinti("Johnny", "Beverly"), armurier).
seGasesteInArbore(persoana("Bradley", m, 9, "ESFJ", 1790, 1874), casatorit("Betty", 1816), parinti("-", "-"), cizmar).
seGasesteInArbore(persoana("Leonard", m, 8, "INTP", 1775, 1851), casatorit("Clara", 1804), parinti("-", "-"), agricultor).
seGasesteInArbore(persoana("Lawrence", m, 9, "ESFP", 1818, 1905), casatorit("", 1844), parinti("Clara", "Leonard"), fierar).
seGasesteInArbore(persoana("Tiffany", f, 9, "ESTJ", 1811, 1880), casatorit("Lawrence", 1844), parinti("-", "-"), armurier).
seGasesteInArbore(persoana("Norma", f, 10, "ESFJ", 1850, 1915), casatorit("", 1877), parinti("Lawrence", "Tiffany"), armurier).
seGasesteInArbore(persoana("Hazel", f, 9, "ESFJ", 1855, 1892), casatorit("Lawrence", 1881), parinti("-", "-"), armurier).
seGasesteInArbore(persoana("Beverly", f, 10, "ESFP", 1883, 1956), casatorit("", 1904), parinti("Lawrence", "Hazel"), cioban).
seGasesteInArbore(persoana("Jose", m, 10, "ISTP", 1893, 1965), casatorit("-", -1), parinti("Lawrence", "Hazel"), fara).
seGasesteInArbore(persoana("Betty", f, 9, "ESFJ", 1881, 1937), casatorit("Lawrence", 1899), parinti("-", "-"), armurier).
seGasesteInArbore(persoana("Joanne", f, 10, "ESTJ", 1913, 1954), casatorit("", 1936), parinti("Lawrence", "Betty"), cizmar).
seGasesteInArbore(persoana("Mary", f, 10, "ESTJ", 1916, 2014), casatorit("", 1944), parinti("Lawrence", "Betty"), agricultor).
seGasesteInArbore(persoana("Jonathan", m, 10, "ESTJ", 1844, 1951), casatorit("Norma", 1877), parinti("-", "-"), tamplar).
seGasesteInArbore(persoana("Joe", m, 11, "ESTJ", 1885, 1959), casatorit("-", -1), parinti("Norma", "Jonathan"), fierar).
seGasesteInArbore(persoana("Kevin", m, 10, "ESFP", 1871, 1930), casatorit("Beverly", 1904), parinti("-", "-"), agricultor).
seGasesteInArbore(persoana("Timothy", m, 11, "ESFJ", 1916, 2010), casatorit("", 1944), parinti("Beverly", "Kevin"), fara).
seGasesteInArbore(persoana("Matthew", m, 11, "ESFP", 1920, 1994), casatorit("-", -1), parinti("Beverly", "Kevin"), agricultor).
seGasesteInArbore(persoana("Kevin", m, 10, "ESTP", 1908, 1981), casatorit("Beverly", 1932), parinti("-", "-"), croitor).
seGasesteInArbore(persoana("Laura", f, 11, "ENFJ", 1921, 1980), casatorit("Timothy", 1944), parinti("-", "-"), armurier).
seGasesteInArbore(persoana("Ann", f, 12, "ENFJ", 1951, 2050), casatorit("", 1977), parinti("Timothy", "Laura"), croitor).
seGasesteInArbore(persoana("Leslie", f, 11, "ESTJ", 1967, 2069), casatorit("Timothy", 1987), parinti("-", "-"), cioban).
seGasesteInArbore(persoana("Donald", m, 12, "INTJ", 1992, 2090), casatorit("", 2020), parinti("Timothy", "Leslie"), agricultor).
seGasesteInArbore(persoana("Steve", m, 12, "ESTJ", 2008, 2095), casatorit("-", -1), parinti("Timothy", "Leslie"), agricultor).
seGasesteInArbore(persoana("Leroy", m, 12, "ESTP", 1945, 2040), casatorit("Ann", 1977), parinti("-", "-"), armurier).
seGasesteInArbore(persoana("Thelma", f, 12, "ESFJ", 1991, 2067), casatorit("Donald", 2020), parinti("-", "-"), armurier).
seGasesteInArbore(persoana("Matthew", m, 13, "ENTJ", 2035, 2094), casatorit("", 2059), parinti("Donald", "Thelma"), agricultor).
seGasesteInArbore(persoana("Jennifer", f, 13, "INFP", 2028, 2120), casatorit("Matthew", 2059), parinti("-", "-"), tamplar).
seGasesteInArbore(persoana("Rodney", m, 14, "ESTP", 2065, 2133), casatorit("-", -1), parinti("Matthew", "Jennifer"), cizmar).
seGasesteInArbore(persoana("Joel", m, 10, "ESTP", 1907, 1981), casatorit("Joanne", 1936), parinti("-", "-"), croitor).
seGasesteInArbore(persoana("Timothy", m, 10, "ESTJ", 1915, 1994), casatorit("Mary", 1944), parinti("-", "-"), armurier).
seGasesteInArbore(persoana("Kevin", m, 11, "ESFP", 1946, 2040), casatorit("", 1968), parinti("Mary", "Timothy"), cioban).
seGasesteInArbore(persoana("Joel", m, 11, "ESFJ", 1954, 2022), casatorit("-", -1), parinti("Mary", "Timothy"), cizmar).
seGasesteInArbore(persoana("Scott", m, 10, "ESFJ", 1966, 2037), casatorit("Mary", 1998), parinti("-", "-"), fierar).
seGasesteInArbore(persoana("Joan", f, 11, "ESFP", 2007, 2087), casatorit("", 2044), parinti("Mary", "Scott"), cizmar).
seGasesteInArbore(persoana("Diana", f, 11, "ESTJ", 1938, 2002), casatorit("Kevin", 1968), parinti("-", "-"), fierar).
seGasesteInArbore(persoana("Daniel", m, 12, "ISFJ", 1970, 2053), casatorit("", 1988), parinti("Kevin", "Diana"), cioban).
seGasesteInArbore(persoana("Connie", f, 11, "ESFP", 1973, 2059), casatorit("Kevin", 2004), parinti("-", "-"), fierar).
seGasesteInArbore(persoana("Nicole", f, 12, "ENFP", 1955, 2021), casatorit("Daniel", 1988), parinti("-", "-"), fierar).
seGasesteInArbore(persoana("Jacqueline", f, 12, "ESFP", 1997, 2056), casatorit("Daniel", 2024), parinti("-", "-"), cioban).
seGasesteInArbore(persoana("Sarah", f, 13, "ISTP", 2024, 2106), casatorit("-", -1), parinti("Daniel", "Jacqueline"), agricultor).
seGasesteInArbore(persoana("David", m, 13, "ENFP", 2032, 2116), casatorit("-", -1), parinti("Daniel", "Jacqueline"), cizmar).
seGasesteInArbore(persoana("Troy", m, 11, "ESTJ", 2011, 2075), casatorit("Joan", 2044), parinti("-", "-"), tamplar).
seGasesteInArbore(persoana("Jane", f, 4, "ESFJ", 1654, 1731), casatorit("Larry", 1680), parinti("-", "-"), cizmar).
seGasesteInArbore(persoana("Ann", f, 5, "ISTJ", 1691, 1769), casatorit("", 1718), parinti("Larry", "Jane"), cioban).
seGasesteInArbore(persoana("Kimberly", f, 5, "ESFJ", 1695, 1745), casatorit("", 1730), parinti("Larry", "Jane"), cioban).
seGasesteInArbore(persoana("Bryan", m, 5, "ESFJ", 1686, 1768), casatorit("Ann", 1718), parinti("-", "-"), agricultor).
seGasesteInArbore(persoana("Larry", m, 5, "ESTJ", 1692, 1773), casatorit("Kimberly", 1730), parinti("-", "-"), tamplar).
seGasesteInArbore(persoana("Edith", f, 2, "INFJ", 1583, 1631), casatorit("Jonathan", 1609), parinti("-", "-"), croitor).
seGasesteInArbore(persoana("Ralph", m, 3, "ESTJ", 1610, 1679), casatorit("-", -1), parinti("Jonathan", "Edith"), agricultor).
seGasesteInArbore(persoana("Walter", m, 3, "ESFP", 1617, 1682), casatorit("-", -1), parinti("Jonathan", "Edith"), fara).
seGasesteInArbore(persoana("Edna", f, 3, "ENFJ", 1623, 1712), casatorit("", 1650), parinti("Jonathan", "Edith"), croitor).
seGasesteInArbore(persoana("Joel", m, 3, "ESTP", 1620, 1684), casatorit("Edna", 1650), parinti("-", "-"), cizmar).
seGasesteInArbore(persoana("Sara", f, 4, "ESFJ", 1665, 1701), casatorit("", 1691), parinti("Edna", "Joel"), croitor).
seGasesteInArbore(persoana("Craig", m, 3, "ISTJ", 1652, 1738), casatorit("Edna", 1685), parinti("-", "-"), fierar).
seGasesteInArbore(persoana("Juanita", f, 4, "ENFJ", 1685, 1761), casatorit("", 1705), parinti("Edna", "Craig"), cioban).
seGasesteInArbore(persoana("Joshua", m, 4, "ESTJ", 1693, 1761), casatorit("-", -1), parinti("Edna", "Craig"), fierar).
seGasesteInArbore(persoana("Jimmy", m, 4, "ESTJ", 1668, 1751), casatorit("Sara", 1691), parinti("-", "-"), armurier).
seGasesteInArbore(persoana("Bruce", m, 5, "INTP", 1697, 1778), casatorit("-", -1), parinti("Sara", "Jimmy"), croitor).
seGasesteInArbore(persoana("Brandon", m, 4, "ESTP", 1672, 1762), casatorit("Juanita", 1705), parinti("-", "-"), fierar).
seGasesteInArbore(persoana("Paul", m, 5, "ISFP", 1710, 1776), casatorit("-", -1), parinti("Juanita", "Brandon"), fara).
seGasesteInArbore(persoana("Harold", m, 5, "ESFJ", 1726, 1786), casatorit("", 1752), parinti("Juanita", "Brandon"), cizmar).
seGasesteInArbore(persoana("Josephine", f, 5, "ESTP", 1728, 1791), casatorit("Harold", 1752), parinti("-", "-"), armurier).
